running egg_info
writing ../../build/gap_follow_pkg/gap_follow_pkg.egg-info/PKG-INFO
writing dependency_links to ../../build/gap_follow_pkg/gap_follow_pkg.egg-info/dependency_links.txt
writing entry points to ../../build/gap_follow_pkg/gap_follow_pkg.egg-info/entry_points.txt
writing requirements to ../../build/gap_follow_pkg/gap_follow_pkg.egg-info/requires.txt
writing top-level names to ../../build/gap_follow_pkg/gap_follow_pkg.egg-info/top_level.txt
reading manifest file '../../build/gap_follow_pkg/gap_follow_pkg.egg-info/SOURCES.txt'
adding license file 'LICENSE'
writing manifest file '../../build/gap_follow_pkg/gap_follow_pkg.egg-info/SOURCES.txt'
running build
running build_py
running install
running install_lib
running install_data
running install_egg_info
removing '/home/jupazamo/F1Tenth-Repository/install/gap_follow_pkg/lib/python3.10/site-packages/gap_follow_pkg-0.0.0-py3.10.egg-info' (and everything under it)
Copying ../../build/gap_follow_pkg/gap_follow_pkg.egg-info to /home/jupazamo/F1Tenth-Repository/install/gap_follow_pkg/lib/python3.10/site-packages/gap_follow_pkg-0.0.0-py3.10.egg-info
running install_scripts
Installing gap_follower script to /home/jupazamo/F1Tenth-Repository/install/gap_follow_pkg/lib/gap_follow_pkg
Installing lap_timer script to /home/jupazamo/F1Tenth-Repository/install/gap_follow_pkg/lib/gap_follow_pkg
writing list of installed files to '/home/jupazamo/F1Tenth-Repository/build/gap_follow_pkg/install.log'
