[0.519s] Invoking command in '/home/jupazamo/F1Tenth-Repository/src/gap_follow_pkg': PYTHONPATH=/home/jupazamo/F1Tenth-Repository/src/build/gap_follow_pkg/prefix_override:/usr/lib/python3/dist-packages/colcon_core/task/python/colcon_distutils_commands:/home/jupazamo/F1Tenth-Repository/src/install/gap_follow_pkg/lib/python3.10/site-packages:${PYTHONPATH} /usr/bin/python3 -W ignore:setup.py install is deprecated -W ignore:easy_install command is deprecated setup.py egg_info --egg-base ../build/gap_follow_pkg build --build-base /home/jupazamo/F1Tenth-Repository/src/build/gap_follow_pkg/build install --record /home/jupazamo/F1Tenth-Repository/src/build/gap_follow_pkg/install.log --single-version-externally-managed install_data
[0.671s] running egg_info
[0.671s] creating ../build/gap_follow_pkg/gap_follow_pkg.egg-info
[0.671s] writing ../build/gap_follow_pkg/gap_follow_pkg.egg-info/PKG-INFO
[0.671s] writing dependency_links to ../build/gap_follow_pkg/gap_follow_pkg.egg-info/dependency_links.txt
[0.672s] writing entry points to ../build/gap_follow_pkg/gap_follow_pkg.egg-info/entry_points.txt
[0.672s] writing requirements to ../build/gap_follow_pkg/gap_follow_pkg.egg-info/requires.txt
[0.672s] writing top-level names to ../build/gap_follow_pkg/gap_follow_pkg.egg-info/top_level.txt
[0.672s] writing manifest file '../build/gap_follow_pkg/gap_follow_pkg.egg-info/SOURCES.txt'
[0.673s] reading manifest file '../build/gap_follow_pkg/gap_follow_pkg.egg-info/SOURCES.txt'
[0.673s] adding license file 'LICENSE'
[0.673s] writing manifest file '../build/gap_follow_pkg/gap_follow_pkg.egg-info/SOURCES.txt'
[0.673s] running build
[0.674s] running build_py
[0.674s] creating /home/jupazamo/F1Tenth-Repository/src/build/gap_follow_pkg/build
[0.674s] creating /home/jupazamo/F1Tenth-Repository/src/build/gap_follow_pkg/build/lib
[0.674s] creating /home/jupazamo/F1Tenth-Repository/src/build/gap_follow_pkg/build/lib/gap_follow_pkg
[0.674s] copying gap_follow_pkg/__init__.py -> /home/jupazamo/F1Tenth-Repository/src/build/gap_follow_pkg/build/lib/gap_follow_pkg
[0.674s] copying gap_follow_pkg/gap_follower.py -> /home/jupazamo/F1Tenth-Repository/src/build/gap_follow_pkg/build/lib/gap_follow_pkg
[0.674s] copying gap_follow_pkg/lap_timer.py -> /home/jupazamo/F1Tenth-Repository/src/build/gap_follow_pkg/build/lib/gap_follow_pkg
[0.674s] running install
[0.674s] running install_lib
[0.675s] creating /home/jupazamo/F1Tenth-Repository/src/install/gap_follow_pkg/lib/python3.10/site-packages/gap_follow_pkg
[0.675s] copying /home/jupazamo/F1Tenth-Repository/src/build/gap_follow_pkg/build/lib/gap_follow_pkg/__init__.py -> /home/jupazamo/F1Tenth-Repository/src/install/gap_follow_pkg/lib/python3.10/site-packages/gap_follow_pkg
[0.675s] copying /home/jupazamo/F1Tenth-Repository/src/build/gap_follow_pkg/build/lib/gap_follow_pkg/gap_follower.py -> /home/jupazamo/F1Tenth-Repository/src/install/gap_follow_pkg/lib/python3.10/site-packages/gap_follow_pkg
[0.675s] copying /home/jupazamo/F1Tenth-Repository/src/build/gap_follow_pkg/build/lib/gap_follow_pkg/lap_timer.py -> /home/jupazamo/F1Tenth-Repository/src/install/gap_follow_pkg/lib/python3.10/site-packages/gap_follow_pkg
[0.675s] byte-compiling /home/jupazamo/F1Tenth-Repository/src/install/gap_follow_pkg/lib/python3.10/site-packages/gap_follow_pkg/__init__.py to __init__.cpython-310.pyc
[0.675s] byte-compiling /home/jupazamo/F1Tenth-Repository/src/install/gap_follow_pkg/lib/python3.10/site-packages/gap_follow_pkg/gap_follower.py to gap_follower.cpython-310.pyc
[0.677s] byte-compiling /home/jupazamo/F1Tenth-Repository/src/install/gap_follow_pkg/lib/python3.10/site-packages/gap_follow_pkg/lap_timer.py to lap_timer.cpython-310.pyc
[0.677s] running install_data
[0.677s] creating /home/jupazamo/F1Tenth-Repository/src/install/gap_follow_pkg/share
[0.677s] creating /home/jupazamo/F1Tenth-Repository/src/install/gap_follow_pkg/share/ament_index
[0.677s] creating /home/jupazamo/F1Tenth-Repository/src/install/gap_follow_pkg/share/ament_index/resource_index
[0.677s] creating /home/jupazamo/F1Tenth-Repository/src/install/gap_follow_pkg/share/ament_index/resource_index/packages
[0.678s] copying resource/gap_follow_pkg -> /home/jupazamo/F1Tenth-Repository/src/install/gap_follow_pkg/share/ament_index/resource_index/packages
[0.678s] creating /home/jupazamo/F1Tenth-Repository/src/install/gap_follow_pkg/share/gap_follow_pkg
[0.678s] copying package.xml -> /home/jupazamo/F1Tenth-Repository/src/install/gap_follow_pkg/share/gap_follow_pkg
[0.678s] creating /home/jupazamo/F1Tenth-Repository/src/install/gap_follow_pkg/share/gap_follow_pkg/launch
[0.678s] copying launch/dual_launch.launch.py -> /home/jupazamo/F1Tenth-Repository/src/install/gap_follow_pkg/share/gap_follow_pkg/launch
[0.678s] running install_egg_info
[0.679s] Copying ../build/gap_follow_pkg/gap_follow_pkg.egg-info to /home/jupazamo/F1Tenth-Repository/src/install/gap_follow_pkg/lib/python3.10/site-packages/gap_follow_pkg-0.0.0-py3.10.egg-info
[0.679s] running install_scripts
[0.692s] Installing gap_follower script to /home/jupazamo/F1Tenth-Repository/src/install/gap_follow_pkg/lib/gap_follow_pkg
[0.693s] Installing lap_timer script to /home/jupazamo/F1Tenth-Repository/src/install/gap_follow_pkg/lib/gap_follow_pkg
[0.693s] writing list of installed files to '/home/jupazamo/F1Tenth-Repository/src/build/gap_follow_pkg/install.log'
[0.710s] Invoked command in '/home/jupazamo/F1Tenth-Repository/src/gap_follow_pkg' returned '0': PYTHONPATH=/home/jupazamo/F1Tenth-Repository/src/build/gap_follow_pkg/prefix_override:/usr/lib/python3/dist-packages/colcon_core/task/python/colcon_distutils_commands:/home/jupazamo/F1Tenth-Repository/src/install/gap_follow_pkg/lib/python3.10/site-packages:${PYTHONPATH} /usr/bin/python3 -W ignore:setup.py install is deprecated -W ignore:easy_install command is deprecated setup.py egg_info --egg-base ../build/gap_follow_pkg build --build-base /home/jupazamo/F1Tenth-Repository/src/build/gap_follow_pkg/build install --record /home/jupazamo/F1Tenth-Repository/src/build/gap_follow_pkg/install.log --single-version-externally-managed install_data
