running egg_info
creating ../../build/my_gap_pkg/my_gap_pkg.egg-info
writing ../../build/my_gap_pkg/my_gap_pkg.egg-info/PKG-INFO
writing dependency_links to ../../build/my_gap_pkg/my_gap_pkg.egg-info/dependency_links.txt
writing entry points to ../../build/my_gap_pkg/my_gap_pkg.egg-info/entry_points.txt
writing requirements to ../../build/my_gap_pkg/my_gap_pkg.egg-info/requires.txt
writing top-level names to ../../build/my_gap_pkg/my_gap_pkg.egg-info/top_level.txt
writing manifest file '../../build/my_gap_pkg/my_gap_pkg.egg-info/SOURCES.txt'
reading manifest file '../../build/my_gap_pkg/my_gap_pkg.egg-info/SOURCES.txt'
adding license file 'LICENSE'
writing manifest file '../../build/my_gap_pkg/my_gap_pkg.egg-info/SOURCES.txt'
running build
running build_py
creating /home/jupazamo/F1Tenth-Repository/build/my_gap_pkg/build
creating /home/jupazamo/F1Tenth-Repository/build/my_gap_pkg/build/lib
creating /home/jupazamo/F1Tenth-Repository/build/my_gap_pkg/build/lib/my_gap_pkg
copying my_gap_pkg/__init__.py -> /home/jupazamo/F1Tenth-Repository/build/my_gap_pkg/build/lib/my_gap_pkg
running install
running install_lib
creating /home/jupazamo/F1Tenth-Repository/install/my_gap_pkg/lib/python3.10/site-packages/my_gap_pkg
copying /home/jupazamo/F1Tenth-Repository/build/my_gap_pkg/build/lib/my_gap_pkg/__init__.py -> /home/jupazamo/F1Tenth-Repository/install/my_gap_pkg/lib/python3.10/site-packages/my_gap_pkg
byte-compiling /home/jupazamo/F1Tenth-Repository/install/my_gap_pkg/lib/python3.10/site-packages/my_gap_pkg/__init__.py to __init__.cpython-310.pyc
running install_data
creating /home/jupazamo/F1Tenth-Repository/install/my_gap_pkg/share/ament_index
creating /home/jupazamo/F1Tenth-Repository/install/my_gap_pkg/share/ament_index/resource_index
creating /home/jupazamo/F1Tenth-Repository/install/my_gap_pkg/share/ament_index/resource_index/packages
copying resource/my_gap_pkg -> /home/jupazamo/F1Tenth-Repository/install/my_gap_pkg/share/ament_index/resource_index/packages
copying package.xml -> /home/jupazamo/F1Tenth-Repository/install/my_gap_pkg/share/my_gap_pkg
creating /home/jupazamo/F1Tenth-Repository/install/my_gap_pkg/share/my_gap_pkg/launch
running install_egg_info
Copying ../../build/my_gap_pkg/my_gap_pkg.egg-info to /home/jupazamo/F1Tenth-Repository/install/my_gap_pkg/lib/python3.10/site-packages/my_gap_pkg-0.0.0-py3.10.egg-info
running install_scripts
Installing gap_follower script to /home/jupazamo/F1Tenth-Repository/install/my_gap_pkg/lib/my_gap_pkg
Installing lap_timer script to /home/jupazamo/F1Tenth-Repository/install/my_gap_pkg/lib/my_gap_pkg
writing list of installed files to '/home/jupazamo/F1Tenth-Repository/build/my_gap_pkg/install.log'
