[0.692s] Invoking command in '/home/jupazamo/F1Tenth-Repository/src/my_gap_pkg': PYTHONPATH=/home/jupazamo/F1Tenth-Repository/build/my_gap_pkg/prefix_override:/usr/lib/python3/dist-packages/colcon_core/task/python/colcon_distutils_commands:/home/jupazamo/F1Tenth-Repository/install/my_gap_pkg/lib/python3.10/site-packages:${PYTHONPATH} /usr/bin/python3 -W ignore:setup.py install is deprecated -W ignore:easy_install command is deprecated setup.py egg_info --egg-base ../../build/my_gap_pkg build --build-base /home/jupazamo/F1Tenth-Repository/build/my_gap_pkg/build install --record /home/jupazamo/F1Tenth-Repository/build/my_gap_pkg/install.log --single-version-externally-managed install_data
[0.847s] running egg_info
[0.847s] creating ../../build/my_gap_pkg/my_gap_pkg.egg-info
[0.847s] writing ../../build/my_gap_pkg/my_gap_pkg.egg-info/PKG-INFO
[0.848s] writing dependency_links to ../../build/my_gap_pkg/my_gap_pkg.egg-info/dependency_links.txt
[0.848s] writing entry points to ../../build/my_gap_pkg/my_gap_pkg.egg-info/entry_points.txt
[0.848s] writing requirements to ../../build/my_gap_pkg/my_gap_pkg.egg-info/requires.txt
[0.848s] writing top-level names to ../../build/my_gap_pkg/my_gap_pkg.egg-info/top_level.txt
[0.848s] writing manifest file '../../build/my_gap_pkg/my_gap_pkg.egg-info/SOURCES.txt'
[0.849s] reading manifest file '../../build/my_gap_pkg/my_gap_pkg.egg-info/SOURCES.txt'
[0.849s] adding license file 'LICENSE'
[0.849s] writing manifest file '../../build/my_gap_pkg/my_gap_pkg.egg-info/SOURCES.txt'
[0.849s] running build
[0.849s] running build_py
[0.849s] creating /home/jupazamo/F1Tenth-Repository/build/my_gap_pkg/build
[0.849s] creating /home/jupazamo/F1Tenth-Repository/build/my_gap_pkg/build/lib
[0.849s] creating /home/jupazamo/F1Tenth-Repository/build/my_gap_pkg/build/lib/my_gap_pkg
[0.850s] copying my_gap_pkg/__init__.py -> /home/jupazamo/F1Tenth-Repository/build/my_gap_pkg/build/lib/my_gap_pkg
[0.850s] running install
[0.850s] running install_lib
[0.850s] creating /home/jupazamo/F1Tenth-Repository/install/my_gap_pkg/lib/python3.10/site-packages/my_gap_pkg
[0.850s] copying /home/jupazamo/F1Tenth-Repository/build/my_gap_pkg/build/lib/my_gap_pkg/__init__.py -> /home/jupazamo/F1Tenth-Repository/install/my_gap_pkg/lib/python3.10/site-packages/my_gap_pkg
[0.850s] byte-compiling /home/jupazamo/F1Tenth-Repository/install/my_gap_pkg/lib/python3.10/site-packages/my_gap_pkg/__init__.py to __init__.cpython-310.pyc
[0.850s] running install_data
[0.850s] creating /home/jupazamo/F1Tenth-Repository/install/my_gap_pkg/share/ament_index
[0.851s] creating /home/jupazamo/F1Tenth-Repository/install/my_gap_pkg/share/ament_index/resource_index
[0.851s] creating /home/jupazamo/F1Tenth-Repository/install/my_gap_pkg/share/ament_index/resource_index/packages
[0.851s] copying resource/my_gap_pkg -> /home/jupazamo/F1Tenth-Repository/install/my_gap_pkg/share/ament_index/resource_index/packages
[0.851s] copying package.xml -> /home/jupazamo/F1Tenth-Repository/install/my_gap_pkg/share/my_gap_pkg
[0.851s] creating /home/jupazamo/F1Tenth-Repository/install/my_gap_pkg/share/my_gap_pkg/launch
[0.851s] running install_egg_info
[0.852s] Copying ../../build/my_gap_pkg/my_gap_pkg.egg-info to /home/jupazamo/F1Tenth-Repository/install/my_gap_pkg/lib/python3.10/site-packages/my_gap_pkg-0.0.0-py3.10.egg-info
[0.853s] running install_scripts
[0.866s] Installing gap_follower script to /home/jupazamo/F1Tenth-Repository/install/my_gap_pkg/lib/my_gap_pkg
[0.867s] Installing lap_timer script to /home/jupazamo/F1Tenth-Repository/install/my_gap_pkg/lib/my_gap_pkg
[0.867s] writing list of installed files to '/home/jupazamo/F1Tenth-Repository/build/my_gap_pkg/install.log'
[0.885s] Invoked command in '/home/jupazamo/F1Tenth-Repository/src/my_gap_pkg' returned '0': PYTHONPATH=/home/jupazamo/F1Tenth-Repository/build/my_gap_pkg/prefix_override:/usr/lib/python3/dist-packages/colcon_core/task/python/colcon_distutils_commands:/home/jupazamo/F1Tenth-Repository/install/my_gap_pkg/lib/python3.10/site-packages:${PYTHONPATH} /usr/bin/python3 -W ignore:setup.py install is deprecated -W ignore:easy_install command is deprecated setup.py egg_info --egg-base ../../build/my_gap_pkg build --build-base /home/jupazamo/F1Tenth-Repository/build/my_gap_pkg/build install --record /home/jupazamo/F1Tenth-Repository/build/my_gap_pkg/install.log --single-version-externally-managed install_data
