running egg_info
creating ../../build/gap_follow_pkg/gap_follow_pkg.egg-info
writing ../../build/gap_follow_pkg/gap_follow_pkg.egg-info/PKG-INFO
writing dependency_links to ../../build/gap_follow_pkg/gap_follow_pkg.egg-info/dependency_links.txt
writing entry points to ../../build/gap_follow_pkg/gap_follow_pkg.egg-info/entry_points.txt
writing requirements to ../../build/gap_follow_pkg/gap_follow_pkg.egg-info/requires.txt
writing top-level names to ../../build/gap_follow_pkg/gap_follow_pkg.egg-info/top_level.txt
writing manifest file '../../build/gap_follow_pkg/gap_follow_pkg.egg-info/SOURCES.txt'
reading manifest file '../../build/gap_follow_pkg/gap_follow_pkg.egg-info/SOURCES.txt'
adding license file 'LICENSE'
writing manifest file '../../build/gap_follow_pkg/gap_follow_pkg.egg-info/SOURCES.txt'
running build
running build_py
creating /home/jupazamo/F1Tenth-Repository/build/gap_follow_pkg/build
creating /home/jupazamo/F1Tenth-Repository/build/gap_follow_pkg/build/lib
creating /home/jupazamo/F1Tenth-Repository/build/gap_follow_pkg/build/lib/gap_follow_pkg
copying gap_follow_pkg/__init__.py -> /home/jupazamo/F1Tenth-Repository/build/gap_follow_pkg/build/lib/gap_follow_pkg
copying gap_follow_pkg/gap_follower.py -> /home/jupazamo/F1Tenth-Repository/build/gap_follow_pkg/build/lib/gap_follow_pkg
copying gap_follow_pkg/lap_timer.py -> /home/jupazamo/F1Tenth-Repository/build/gap_follow_pkg/build/lib/gap_follow_pkg
running install
running install_lib
creating /home/jupazamo/F1Tenth-Repository/install/gap_follow_pkg/lib/python3.10/site-packages/gap_follow_pkg
copying /home/jupazamo/F1Tenth-Repository/build/gap_follow_pkg/build/lib/gap_follow_pkg/__init__.py -> /home/jupazamo/F1Tenth-Repository/install/gap_follow_pkg/lib/python3.10/site-packages/gap_follow_pkg
copying /home/jupazamo/F1Tenth-Repository/build/gap_follow_pkg/build/lib/gap_follow_pkg/gap_follower.py -> /home/jupazamo/F1Tenth-Repository/install/gap_follow_pkg/lib/python3.10/site-packages/gap_follow_pkg
copying /home/jupazamo/F1Tenth-Repository/build/gap_follow_pkg/build/lib/gap_follow_pkg/lap_timer.py -> /home/jupazamo/F1Tenth-Repository/install/gap_follow_pkg/lib/python3.10/site-packages/gap_follow_pkg
byte-compiling /home/jupazamo/F1Tenth-Repository/install/gap_follow_pkg/lib/python3.10/site-packages/gap_follow_pkg/__init__.py to __init__.cpython-310.pyc
byte-compiling /home/jupazamo/F1Tenth-Repository/install/gap_follow_pkg/lib/python3.10/site-packages/gap_follow_pkg/gap_follower.py to gap_follower.cpython-310.pyc
byte-compiling /home/jupazamo/F1Tenth-Repository/install/gap_follow_pkg/lib/python3.10/site-packages/gap_follow_pkg/lap_timer.py to lap_timer.cpython-310.pyc
running install_data
creating /home/jupazamo/F1Tenth-Repository/install/gap_follow_pkg/share/ament_index
creating /home/jupazamo/F1Tenth-Repository/install/gap_follow_pkg/share/ament_index/resource_index
creating /home/jupazamo/F1Tenth-Repository/install/gap_follow_pkg/share/ament_index/resource_index/packages
copying resource/gap_follow_pkg -> /home/jupazamo/F1Tenth-Repository/install/gap_follow_pkg/share/ament_index/resource_index/packages
copying package.xml -> /home/jupazamo/F1Tenth-Repository/install/gap_follow_pkg/share/gap_follow_pkg
creating /home/jupazamo/F1Tenth-Repository/install/gap_follow_pkg/share/gap_follow_pkg/launch
copying launch/dual_launch.launch.py -> /home/jupazamo/F1Tenth-Repository/install/gap_follow_pkg/share/gap_follow_pkg/launch
running install_egg_info
Copying ../../build/gap_follow_pkg/gap_follow_pkg.egg-info to /home/jupazamo/F1Tenth-Repository/install/gap_follow_pkg/lib/python3.10/site-packages/gap_follow_pkg-0.0.0-py3.10.egg-info
running install_scripts
Installing gap_follower script to /home/jupazamo/F1Tenth-Repository/install/gap_follow_pkg/lib/gap_follow_pkg
Installing lap_timer script to /home/jupazamo/F1Tenth-Repository/install/gap_follow_pkg/lib/gap_follow_pkg
writing list of installed files to '/home/jupazamo/F1Tenth-Repository/build/gap_follow_pkg/install.log'
