[0.657s] Invoking command in '/home/jupazamo/F1Tenth-Repository/src/gap_follow_pkg': PYTHONPATH=/home/jupazamo/F1Tenth-Repository/build/gap_follow_pkg/prefix_override:/usr/lib/python3/dist-packages/colcon_core/task/python/colcon_distutils_commands:/home/jupazamo/F1Tenth-Repository/install/gap_follow_pkg/lib/python3.10/site-packages:${PYTHONPATH} /usr/bin/python3 -W ignore:setup.py install is deprecated -W ignore:easy_install command is deprecated setup.py egg_info --egg-base ../../build/gap_follow_pkg build --build-base /home/jupazamo/F1Tenth-Repository/build/gap_follow_pkg/build install --record /home/jupazamo/F1Tenth-Repository/build/gap_follow_pkg/install.log --single-version-externally-managed install_data
[0.806s] running egg_info
[0.806s] writing ../../build/gap_follow_pkg/gap_follow_pkg.egg-info/PKG-INFO
[0.806s] writing dependency_links to ../../build/gap_follow_pkg/gap_follow_pkg.egg-info/dependency_links.txt
[0.806s] writing entry points to ../../build/gap_follow_pkg/gap_follow_pkg.egg-info/entry_points.txt
[0.807s] writing requirements to ../../build/gap_follow_pkg/gap_follow_pkg.egg-info/requires.txt
[0.807s] writing top-level names to ../../build/gap_follow_pkg/gap_follow_pkg.egg-info/top_level.txt
[0.808s] reading manifest file '../../build/gap_follow_pkg/gap_follow_pkg.egg-info/SOURCES.txt'
[0.808s] adding license file 'LICENSE'
[0.808s] writing manifest file '../../build/gap_follow_pkg/gap_follow_pkg.egg-info/SOURCES.txt'
[0.808s] running build
[0.808s] running build_py
[0.808s] running install
[0.809s] running install_lib
[0.810s] running install_data
[0.810s] running install_egg_info
[0.811s] removing '/home/jupazamo/F1Tenth-Repository/install/gap_follow_pkg/lib/python3.10/site-packages/gap_follow_pkg-0.0.0-py3.10.egg-info' (and everything under it)
[0.811s] Copying ../../build/gap_follow_pkg/gap_follow_pkg.egg-info to /home/jupazamo/F1Tenth-Repository/install/gap_follow_pkg/lib/python3.10/site-packages/gap_follow_pkg-0.0.0-py3.10.egg-info
[0.812s] running install_scripts
[0.826s] Installing gap_follower script to /home/jupazamo/F1Tenth-Repository/install/gap_follow_pkg/lib/gap_follow_pkg
[0.826s] Installing lap_timer script to /home/jupazamo/F1Tenth-Repository/install/gap_follow_pkg/lib/gap_follow_pkg
[0.826s] writing list of installed files to '/home/jupazamo/F1Tenth-Repository/build/gap_follow_pkg/install.log'
[0.844s] Invoked command in '/home/jupazamo/F1Tenth-Repository/src/gap_follow_pkg' returned '0': PYTHONPATH=/home/jupazamo/F1Tenth-Repository/build/gap_follow_pkg/prefix_override:/usr/lib/python3/dist-packages/colcon_core/task/python/colcon_distutils_commands:/home/jupazamo/F1Tenth-Repository/install/gap_follow_pkg/lib/python3.10/site-packages:${PYTHONPATH} /usr/bin/python3 -W ignore:setup.py install is deprecated -W ignore:easy_install command is deprecated setup.py egg_info --egg-base ../../build/gap_follow_pkg build --build-base /home/jupazamo/F1Tenth-Repository/build/gap_follow_pkg/build install --record /home/jupazamo/F1Tenth-Repository/build/gap_follow_pkg/install.log --single-version-externally-managed install_data
