running egg_info
writing ../../build/my_gap_pkg/my_gap_pkg.egg-info/PKG-INFO
writing dependency_links to ../../build/my_gap_pkg/my_gap_pkg.egg-info/dependency_links.txt
writing entry points to ../../build/my_gap_pkg/my_gap_pkg.egg-info/entry_points.txt
writing requirements to ../../build/my_gap_pkg/my_gap_pkg.egg-info/requires.txt
writing top-level names to ../../build/my_gap_pkg/my_gap_pkg.egg-info/top_level.txt
reading manifest file '../../build/my_gap_pkg/my_gap_pkg.egg-info/SOURCES.txt'
adding license file 'LICENSE'
writing manifest file '../../build/my_gap_pkg/my_gap_pkg.egg-info/SOURCES.txt'
running build
running build_py
copying my_gap_pkg/gap_follower.py -> /home/jupazamo/F1Tenth-Repository/build/my_gap_pkg/build/lib/my_gap_pkg
copying my_gap_pkg/lap_timer.py -> /home/jupazamo/F1Tenth-Repository/build/my_gap_pkg/build/lib/my_gap_pkg
running install
running install_lib
copying /home/jupazamo/F1Tenth-Repository/build/my_gap_pkg/build/lib/my_gap_pkg/gap_follower.py -> /home/jupazamo/F1Tenth-Repository/install/my_gap_pkg/lib/python3.10/site-packages/my_gap_pkg
copying /home/jupazamo/F1Tenth-Repository/build/my_gap_pkg/build/lib/my_gap_pkg/lap_timer.py -> /home/jupazamo/F1Tenth-Repository/install/my_gap_pkg/lib/python3.10/site-packages/my_gap_pkg
byte-compiling /home/jupazamo/F1Tenth-Repository/install/my_gap_pkg/lib/python3.10/site-packages/my_gap_pkg/gap_follower.py to gap_follower.cpython-310.pyc
byte-compiling /home/jupazamo/F1Tenth-Repository/install/my_gap_pkg/lib/python3.10/site-packages/my_gap_pkg/lap_timer.py to lap_timer.cpython-310.pyc
running install_data
copying launch/dual_launch.launch.py -> /home/jupazamo/F1Tenth-Repository/install/my_gap_pkg/share/my_gap_pkg/launch
running install_egg_info
removing '/home/jupazamo/F1Tenth-Repository/install/my_gap_pkg/lib/python3.10/site-packages/my_gap_pkg-0.0.0-py3.10.egg-info' (and everything under it)
Copying ../../build/my_gap_pkg/my_gap_pkg.egg-info to /home/jupazamo/F1Tenth-Repository/install/my_gap_pkg/lib/python3.10/site-packages/my_gap_pkg-0.0.0-py3.10.egg-info
running install_scripts
Installing gap_follower script to /home/jupazamo/F1Tenth-Repository/install/my_gap_pkg/lib/my_gap_pkg
Installing lap_timer script to /home/jupazamo/F1Tenth-Repository/install/my_gap_pkg/lib/my_gap_pkg
writing list of installed files to '/home/jupazamo/F1Tenth-Repository/build/my_gap_pkg/install.log'
